[backblue.gif]
[fade.gif]
[index.html]
[WEB/ICO/FAVICON.ICO]
[WEB/PNG/ICON_CAS.PNG]
[WEB/JPG/PMDM01_A.JPG]
[WEB/JPG/MINISTER.JPG]
[WEB/JPG/ICO_NV.JPG]
[WEB/HTML/INDEX.HTM]
[WEB/HTML/1_PRIMER.HTM]
[WEB/HTML/11_INTRO.HTM]
[WEB/HTML/12_LIMIT.HTM]
[WEB/HTML/13_TECNO.HTM]
[WEB/HTML/131_HARD.HTM]
[WEB/HTML/2_SISTEM.HTM]
[WEB/HTML/21_ANDRO.HTM]
[WEB/HTML/22_IOS.HTM]
[WEB/HTML/23_WINDO.HTM]
[WEB/HTML/3_PLATAF.HTM]
[WEB/HTML/31_ELECC.HTM]
[WEB/HTML/32_LA_PL.HTM]
[WEB/HTML/33_EL_EN.HTM]
[WEB/HTML/34_MAQUI.HTM]
[WEB/CSS/BASE.CSS]
[WEB/CSS/CONTENT.CSS]
[WEB/CSS/NAV.CSS]
[WEB/JS/EXE_JQUE.JS]
[WEB/JS/COMMON_I.JS]
[WEB/JS/COMMON.JS]
[WEB/JS/_FPD_JS.JS]
